<?xml version="1.0" encoding="UTF-8"?>
<!-- Generated by org.testng.reporters.JUnitReportReporter -->
<testsuite hostname="DESKTOP-GTMNT3R" failures="0" tests="1" name="runner.runner" time="25.349" errors="0" timestamp="2024-11-17T16:27:06 IST" skipped="0">
  <testcase classname="runner.runner" name="runScenario" time="25.349"/>
</testsuite> <!-- runner.runner -->
