<?xml version="1.0" encoding="UTF-8"?>
<!-- Generated by org.testng.reporters.JUnitReportReporter -->
<testsuite hostname="DESKTOP-GTMNT3R" failures="0" tests="2" name="Tests.LoginTest" time="32.210" errors="0" timestamp="2024-11-15T15:34:42 IST" skipped="0">
  <testcase classname="Tests.LoginTest" name="login" time="20.695"/>
  <testcase classname="Tests.LoginTest" name="login" time="11.515"/>
</testsuite> <!-- Tests.LoginTest -->
