<?xml version="1.0" encoding="UTF-8"?>
<!-- Generated by org.testng.reporters.JUnitReportReporter -->
<testsuite hostname="DESKTOP-GTMNT3R" failures="0" tests="1" name="Tests.DummytwoTest" time="0.000" errors="0" timestamp="2024-11-14T15:54:13 IST" skipped="0">
  <testcase classname="Tests.DummytwoTest" name="test" time="0.000"/>
</testsuite> <!-- Tests.DummytwoTest -->
