<?xml version="1.0" encoding="UTF-8"?>
<!-- Generated by org.testng.reporters.JUnitReportReporter -->
<testsuite hostname="DESKTOP-GTMNT3R" failures="0" tests="2" name="Tests.LoginTest" time="52.674" errors="0" timestamp="2024-11-14T15:02:11 IST" skipped="0">
  <testcase classname="Tests.LoginTest" name="login" time="36.743"/>
  <testcase classname="Tests.LoginTest" name="login" time="15.931"/>
</testsuite> <!-- Tests.LoginTest -->
