<?xml version="1.0" encoding="UTF-8"?>
<!-- Generated by org.testng.reporters.JUnitReportReporter -->
<testsuite hostname="DESKTOP-GTMNT3R" failures="0" tests="1" name="Tests.DummyTest" time="0.001" errors="0" timestamp="2024-11-14T15:02:11 IST" skipped="0">
  <testcase classname="Tests.DummyTest" name="testTwo" time="0.001"/>
</testsuite> <!-- Tests.DummyTest -->
